  NetworkingMain.cpp
C:\Users\14253\jungle\Personal\Unity\EzLAN\NetworkingMain.cpp(29,97): warning C4091: '__declspec(dllexport)': ignored on left of 'sVec3' when no variable is declared
  (compiling source file '/NetworkingMain.cpp')
  
C:\Users\14253\jungle\Personal\Unity\EzLAN\NetworkingMain.cpp(82,40): warning C4267: 'initializing': conversion from 'size_t' to 'uint32_t', possible loss of data
  (compiling source file '/NetworkingMain.cpp')
  
C:\Users\14253\jungle\Personal\Unity\EzLAN\NetworkingMain.cpp(82,32): warning C4267: 'initializing': conversion from 'size_t' to 'const uint32_t', possible loss of data
  (compiling source file '/NetworkingMain.cpp')
  
C:\Program Files\Microsoft Visual Studio\2022\Community\VC\Tools\MSVC\14.38.33130\include\type_traits(1741,67): warning C4244: 'argument': conversion from 'unsigned __int64' to 'int', possible loss of data
  (compiling source file '/NetworkingMain.cpp')
  C:\Program Files\Microsoft Visual Studio\2022\Community\VC\Tools\MSVC\14.38.33130\include\type_traits(1741,67):
  the template instantiation context (the oldest one first) is
  	C:\Users\14253\jungle\Personal\Unity\EzLAN\NetworkingMain.cpp(275,9):
  	see reference to function template instantiation 'std::thread::thread<void(__cdecl *)(int),unsigned __int64,0>(_Fn &&,unsigned __int64 &&)' being compiled
          with
          [
              _Fn=void (__cdecl *)(int)
          ]
  	C:\Program Files\Microsoft Visual Studio\2022\Community\VC\Tools\MSVC\14.38.33130\include\thread(93,9):
  	see reference to function template instantiation 'void std::thread::_Start<void(__cdecl *)(int),_Ty>(_Fn &&,_Ty &&)' being compiled
          with
          [
              _Ty=unsigned __int64,
              _Fn=void (__cdecl *)(int)
          ]
  	C:\Program Files\Microsoft Visual Studio\2022\Community\VC\Tools\MSVC\14.38.33130\include\thread(76,40):
  	see reference to function template instantiation 'unsigned int (__cdecl *std::thread::_Get_invoke<_Tuple,0,1>(std::integer_sequence<size_t,0,1>) noexcept)(void *)' being compiled
  	C:\Program Files\Microsoft Visual Studio\2022\Community\VC\Tools\MSVC\14.38.33130\include\thread(67,17):
  	see reference to function template instantiation 'unsigned int std::thread::_Invoke<_Tuple,0,1>(void *) noexcept' being compiled
  	C:\Program Files\Microsoft Visual Studio\2022\Community\VC\Tools\MSVC\14.38.33130\include\thread(60,14):
  	see reference to function template instantiation 'void std::invoke<void(__cdecl *)(int),unsigned __int64,>(_Callable &&,_Ty1 &&) noexcept(false)' being compiled
          with
          [
              _Callable=void (__cdecl *)(int),
              _Ty1=unsigned __int64
          ]
  
  EzLAN.vcxproj -> C:\Users\14253\jungle\Personal\Unity\EzLAN\x64\Debug\EzLAN.dll
